*** Using Compiler 'V5.06 update 7 (build 960)', folder: 'D:\Keil_v5\ARM\ARMCC\Bin'
Rebuild target 'Target 1'
compiling MyTypedef.c...
compiling cms32f033_it.c...
compiling Timing.c...
compiling epwm.c...
compiling main.c...
compiling ccp.c...
compiling adc.c...
assembling startup_cms32f033x.s...
compiling flash.c...
compiling sys.c...
compiling system_cms32f033x.c...
compiling Timer.c...
compiling SystemConfig.c...
compiling usart.c...
compiling Psfr_acmp.c...
compiling Psfr_adc.c...
compiling Psfr_ccp.c...
compiling Psfr_crc.c...
compiling Psfr_fmc.c...
compiling Psfr_gpio.c...
compiling Psfr_epwm.c...
compiling Psfr_hwdiv.c...
compiling Psfr_i2c.c...
compiling Psfr_opa.c...
compiling Psfr_pga.c...
compiling Psfr_retarget.c...
compiling Psfr_ssp.c...
compiling Psfr_system.c...
compiling Psfr_tick.c...
compiling Psfr_timer.c...
compiling Psfr_uart.c...
compiling Psfr_wdt.c...
compiling Psfr_wwdt.c...
compiling bluetooth.c...
compiling bsp_beep.c...
compiling bsp_key.c...
compiling bsp_led.c...
compiling bsp_hard.c...
compiling bsp_pid.c...
compiling Protocol_app.c...
compiling sn74hc21d.c...
linking...
Program Size: Code=9812 RO-data=224 RW-data=204 ZI-data=3116  
After Build - User command #1: fromelf --bin ".\Objects\DR-05.axf" --output ".\Objects\DR-05.bin"
".\Objects\DR-05.axf" - 0 Error(s), 0 Warning(s).
Build Time Elapsed:  00:00:04
